{"/Users/lel/Projects/kai-stack/packages/server/src/platform/config.ts": {"path":"/Users/lel/Projects/kai-stack/packages/server/src/platform/config.ts","statementMap":{"0":{"start":{"line":1,"column":0},"end":{"line":1,"column":24}},"1":{"start":{"line":2,"column":0},"end":{"line":2,"column":28}},"2":{"start":{"line":3,"column":0},"end":{"line":3,"column":39}},"3":{"start":{"line":5,"column":21},"end":{"line":5,"column":36}},"4":{"start":{"line":6,"column":14},"end":{"line":6,"column":30}},"5":{"start":{"line":7,"column":0},"end":{"line":9,"column":null}},"6":{"start":{"line":8,"column":2},"end":{"line":8,"column":45}},"7":{"start":{"line":37,"column":26},"end":{"line":43,"column":1}},"8":{"start":{"line":38,"column":18},"end":{"line":41,"column":40}},"9":{"start":{"line":39,"column":33},"end":{"line":39,"column":79}},"10":{"start":{"line":40,"column":25},"end":{"line":40,"column":45}},"11":{"start":{"line":41,"column":24},"end":{"line":41,"column":39}},"12":{"start":{"line":42,"column":2},"end":{"line":42,"column":69}},"13":{"start":{"line":37,"column":13},"end":{"line":37,"column":26}},"14":{"start":{"line":45,"column":13},"end":{"line":45,"column":51}}},"fnMap":{"0":{"name":"(anonymous_1)","decl":{"start":{"line":37,"column":26},"end":{"line":37,"column":30}},"loc":{"start":{"line":37,"column":61},"end":{"line":43,"column":1}}},"1":{"name":"(anonymous_2)","decl":{"start":{"line":39,"column":9},"end":{"line":39,"column":10}},"loc":{"start":{"line":39,"column":33},"end":{"line":39,"column":79}}},"2":{"name":"(anonymous_3)","decl":{"start":{"line":40,"column":9},"end":{"line":40,"column":10}},"loc":{"start":{"line":40,"column":25},"end":{"line":40,"column":45}}},"3":{"name":"(anonymous_4)","decl":{"start":{"line":41,"column":12},"end":{"line":41,"column":13}},"loc":{"start":{"line":41,"column":24},"end":{"line":41,"column":39}}}},"branchMap":{"0":{"loc":{"start":{"line":7,"column":0},"end":{"line":9,"column":null}},"type":"if","locations":[{"start":{"line":7,"column":0},"end":{"line":9,"column":null}}]}},"s":{"0":1,"1":1,"2":1,"3":1,"4":1,"5":1,"6":1,"7":1,"8":1,"9":2,"10":2,"11":2,"12":1,"13":1,"14":1},"f":{"0":1,"1":2,"2":2,"3":2},"b":{"0":[1]}}
,"/Users/lel/Projects/kai-stack/packages/server/src/platform/fileUtils.ts": {"path":"/Users/lel/Projects/kai-stack/packages/server/src/platform/fileUtils.ts","statementMap":{"0":{"start":{"line":1,"column":0},"end":{"line":1,"column":32}},"1":{"start":{"line":2,"column":0},"end":{"line":2,"column":24}},"2":{"start":{"line":3,"column":0},"end":{"line":3,"column":27}},"3":{"start":{"line":5,"column":19},"end":{"line":10,"column":1}},"4":{"start":{"line":6,"column":2},"end":{"line":9,"column":4}},"5":{"start":{"line":12,"column":28},"end":{"line":34,"column":1}},"6":{"start":{"line":14,"column":44},"end":{"line":14,"column":48}},"7":{"start":{"line":17,"column":26},"end":{"line":21,"column":10}},"8":{"start":{"line":22,"column":2},"end":{"line":33,"column":13}},"9":{"start":{"line":23,"column":22},"end":{"line":23,"column":54}},"10":{"start":{"line":24,"column":4},"end":{"line":31,"column":null}},"11":{"start":{"line":25,"column":6},"end":{"line":28,"column":9}},"12":{"start":{"line":26,"column":8},"end":{"line":26,"column":31}},"13":{"start":{"line":27,"column":8},"end":{"line":27,"column":22}},"14":{"start":{"line":29,"column":11},"end":{"line":31,"column":null}},"15":{"start":{"line":30,"column":6},"end":{"line":30,"column":53}},"16":{"start":{"line":32,"column":4},"end":{"line":32,"column":18}},"17":{"start":{"line":12,"column":13},"end":{"line":12,"column":28}},"18":{"start":{"line":36,"column":24},"end":{"line":41,"column":1}},"19":{"start":{"line":37,"column":2},"end":{"line":40,"column":21}},"20":{"start":{"line":38,"column":26},"end":{"line":38,"column":70}},"21":{"start":{"line":39,"column":4},"end":{"line":39,"column":32}},"22":{"start":{"line":40,"column":9},"end":{"line":40,"column":21}},"23":{"start":{"line":36,"column":13},"end":{"line":36,"column":24}}},"fnMap":{"0":{"name":"(anonymous_1)","decl":{"start":{"line":5,"column":19},"end":{"line":5,"column":20}},"loc":{"start":{"line":5,"column":37},"end":{"line":10,"column":1}}},"1":{"name":"(anonymous_2)","decl":{"start":{"line":12,"column":28},"end":{"line":12,"column":33}},"loc":{"start":{"line":16,"column":23},"end":{"line":34,"column":1}}},"2":{"name":"(anonymous_3)","decl":{"start":{"line":14,"column":38},"end":{"line":14,"column":41}},"loc":{"start":{"line":14,"column":44},"end":{"line":14,"column":48}}},"3":{"name":"(anonymous_4)","decl":{"start":{"line":22,"column":30},"end":{"line":22,"column":35}},"loc":{"start":{"line":22,"column":54},"end":{"line":33,"column":3}}},"4":{"name":"(anonymous_5)","decl":{"start":{"line":25,"column":18},"end":{"line":25,"column":19}},"loc":{"start":{"line":25,"column":29},"end":{"line":28,"column":7}}},"5":{"name":"(anonymous_6)","decl":{"start":{"line":36,"column":24},"end":{"line":36,"column":25}},"loc":{"start":{"line":36,"column":41},"end":{"line":41,"column":1}}}},"branchMap":{"0":{"loc":{"start":{"line":7,"column":4},"end":{"line":8,"column":55}},"type":"binary-expr","locations":[{"start":{"line":7,"column":5},"end":{"line":7,"column":19}},{"start":{"line":7,"column":23},"end":{"line":7,"column":54}},{"start":{"line":8,"column":5},"end":{"line":8,"column":24}},{"start":{"line":8,"column":28},"end":{"line":8,"column":54}}]},"1":{"loc":{"start":{"line":14,"column":2},"end":{"line":14,"column":48}},"type":"default-arg","locations":[{"start":{"line":14,"column":38},"end":{"line":14,"column":48}}]},"2":{"loc":{"start":{"line":15,"column":2},"end":{"line":15,"column":49}},"type":"default-arg","locations":[{"start":{"line":15,"column":30},"end":{"line":15,"column":49}}]},"3":{"loc":{"start":{"line":24,"column":4},"end":{"line":31,"column":null}},"type":"if","locations":[{"start":{"line":24,"column":4},"end":{"line":31,"column":null}},{"start":{"line":29,"column":11},"end":{"line":31,"column":null}}]},"4":{"loc":{"start":{"line":24,"column":8},"end":{"line":24,"column":39}},"type":"binary-expr","locations":[{"start":{"line":24,"column":8},"end":{"line":24,"column":22}},{"start":{"line":24,"column":26},"end":{"line":24,"column":39}}]},"5":{"loc":{"start":{"line":29,"column":11},"end":{"line":31,"column":null}},"type":"if","locations":[{"start":{"line":29,"column":11},"end":{"line":31,"column":null}}]},"6":{"loc":{"start":{"line":29,"column":15},"end":{"line":29,"column":56}},"type":"binary-expr","locations":[{"start":{"line":29,"column":15},"end":{"line":29,"column":34}},{"start":{"line":29,"column":38},"end":{"line":29,"column":56}}]},"7":{"loc":{"start":{"line":37,"column":2},"end":{"line":40,"column":21}},"type":"if","locations":[{"start":{"line":37,"column":2},"end":{"line":40,"column":21}},{"start":{"line":40,"column":9},"end":{"line":40,"column":21}}]}},"s":{"0":1,"1":1,"2":1,"3":1,"4":0,"5":1,"6":0,"7":0,"8":0,"9":0,"10":0,"11":0,"12":0,"13":0,"14":0,"15":0,"16":0,"17":1,"18":1,"19":2,"20":1,"21":1,"22":1,"23":1},"f":{"0":0,"1":0,"2":0,"3":0,"4":0,"5":2},"b":{"0":[0,0,0,0],"1":[0],"2":[0],"3":[0,0],"4":[0,0],"5":[0],"6":[0,0],"7":[1,1]}}
,"/Users/lel/Projects/kai-stack/packages/server/src/platform/logger.ts": {"path":"/Users/lel/Projects/kai-stack/packages/server/src/platform/logger.ts","statementMap":{"0":{"start":{"line":1,"column":0},"end":{"line":1,"column":67}},"1":{"start":{"line":2,"column":0},"end":{"line":2,"column":56}},"2":{"start":{"line":3,"column":0},"end":{"line":3,"column":34}},"3":{"start":{"line":5,"column":60},"end":{"line":5,"column":66}},"4":{"start":{"line":7,"column":19},"end":{"line":11,"column":null}},"5":{"start":{"line":9,"column":4},"end":{"line":11,"column":20}},"6":{"start":{"line":14,"column":48},"end":{"line":14,"column":50}},"7":{"start":{"line":15,"column":21},"end":{"line":15,"column":41}},"8":{"start":{"line":17,"column":19},"end":{"line":43,"column":2}},"9":{"start":{"line":45,"column":25},"end":{"line":56,"column":1}},"10":{"start":{"line":46,"column":2},"end":{"line":55,"column":null}},"11":{"start":{"line":47,"column":22},"end":{"line":47,"column":41}},"12":{"start":{"line":48,"column":4},"end":{"line":51,"column":null}},"13":{"start":{"line":49,"column":6},"end":{"line":49,"column":55}},"14":{"start":{"line":50,"column":6},"end":{"line":50,"column":40}},"15":{"start":{"line":52,"column":4},"end":{"line":52,"column":23}},"16":{"start":{"line":54,"column":4},"end":{"line":54,"column":22}},"17":{"start":{"line":45,"column":13},"end":{"line":45,"column":25}}},"fnMap":{"0":{"name":"(anonymous_1)","decl":{"start":{"line":8,"column":2},"end":{"line":8,"column":3}},"loc":{"start":{"line":9,"column":4},"end":{"line":11,"column":20}}},"1":{"name":"(anonymous_2)","decl":{"start":{"line":45,"column":25},"end":{"line":45,"column":26}},"loc":{"start":{"line":45,"column":52},"end":{"line":56,"column":1}}}},"branchMap":{"0":{"loc":{"start":{"line":10,"column":6},"end":{"line":10,"column":null}},"type":"cond-expr","locations":[{"start":{"line":10,"column":14},"end":{"line":10,"column":27}},{"start":{"line":10,"column":30},"end":{"line":10,"column":null}}]},"1":{"loc":{"start":{"line":46,"column":2},"end":{"line":55,"column":null}},"type":"if","locations":[{"start":{"line":46,"column":2},"end":{"line":55,"column":null}},{"start":{"line":53,"column":9},"end":{"line":55,"column":null}}]},"2":{"loc":{"start":{"line":48,"column":4},"end":{"line":51,"column":null}},"type":"if","locations":[{"start":{"line":48,"column":4},"end":{"line":51,"column":null}}]}},"s":{"0":1,"1":1,"2":1,"3":1,"4":1,"5":6,"6":1,"7":1,"8":1,"9":1,"10":4,"11":3,"12":3,"13":1,"14":1,"15":3,"16":1,"17":1},"f":{"0":6,"1":4},"b":{"0":[0,6],"1":[3,1],"2":[1]}}
,"/Users/lel/Projects/kai-stack/packages/server/src/platform/plugin.ts": {"path":"/Users/lel/Projects/kai-stack/packages/server/src/platform/plugin.ts","statementMap":{"0":{"start":{"line":1,"column":0},"end":{"line":1,"column":24}},"1":{"start":{"line":3,"column":0},"end":{"line":3,"column":35}},"2":{"start":{"line":4,"column":0},"end":{"line":4,"column":41}},"3":{"start":{"line":7,"column":0},"end":{"line":7,"column":39}},"4":{"start":{"line":9,"column":0},"end":{"line":9,"column":32}},"5":{"start":{"line":17,"column":2},"end":{"line":17,"column":43}},"6":{"start":{"line":20,"column":4},"end":{"line":20,"column":25}},"7":{"start":{"line":21,"column":4},"end":{"line":21,"column":21}},"8":{"start":{"line":22,"column":4},"end":{"line":22,"column":29}},"9":{"start":{"line":25,"column":4},"end":{"line":29,"column":null}},"10":{"start":{"line":26,"column":6},"end":{"line":26,"column":32}},"11":{"start":{"line":28,"column":6},"end":{"line":28,"column":34}},"12":{"start":{"line":53,"column":15},"end":{"line":53,"column":26}},"13":{"start":{"line":55,"column":25},"end":{"line":66,"column":1}},"14":{"start":{"line":56,"column":16},"end":{"line":56,"column":71}},"15":{"start":{"line":57,"column":2},"end":{"line":65,"column":null}},"16":{"start":{"line":58,"column":4},"end":{"line":58,"column":73}},"17":{"start":{"line":59,"column":4},"end":{"line":64,"column":null}},"18":{"start":{"line":60,"column":19},"end":{"line":60,"column":74}},"19":{"start":{"line":61,"column":6},"end":{"line":61,"column":49}},"20":{"start":{"line":63,"column":6},"end":{"line":63,"column":43}},"21":{"start":{"line":68,"column":26},"end":{"line":86,"column":1}},"22":{"start":{"line":69,"column":22},"end":{"line":71,"column":4}},"23":{"start":{"line":70,"column":4},"end":{"line":70,"column":37}},"24":{"start":{"line":72,"column":2},"end":{"line":85,"column":4}},"25":{"start":{"line":74,"column":24},"end":{"line":74,"column":51}},"26":{"start":{"line":75,"column":17},"end":{"line":75,"column":111}},"27":{"start":{"line":76,"column":25},"end":{"line":76,"column":61}},"28":{"start":{"line":77,"column":6},"end":{"line":82,"column":null}},"29":{"start":{"line":78,"column":23},"end":{"line":78,"column":47}},"30":{"start":{"line":78,"column":46},"end":{"line":78,"column":47}},"31":{"start":{"line":79,"column":8},"end":{"line":79,"column":55}},"32":{"start":{"line":81,"column":8},"end":{"line":81,"column":56}},"33":{"start":{"line":68,"column":13},"end":{"line":68,"column":26}},"34":{"start":{"line":88,"column":21},"end":{"line":94,"column":1}},"35":{"start":{"line":89,"column":2},"end":{"line":93,"column":null}},"36":{"start":{"line":90,"column":4},"end":{"line":90,"column":33}},"37":{"start":{"line":92,"column":4},"end":{"line":92,"column":32}},"38":{"start":{"line":96,"column":22},"end":{"line":104,"column":2}},"39":{"start":{"line":96,"column":61},"end":{"line":104,"column":2}},"40":{"start":{"line":109,"column":19},"end":{"line":109,"column":null}},"41":{"start":{"line":110,"column":19},"end":{"line":110,"column":76}},"42":{"start":{"line":111,"column":19},"end":{"line":111,"column":56}},"43":{"start":{"line":115,"column":10},"end":{"line":115,"column":44}},"44":{"start":{"line":122,"column":4},"end":{"line":122,"column":39}},"45":{"start":{"line":123,"column":4},"end":{"line":123,"column":18}},"46":{"start":{"line":124,"column":4},"end":{"line":124,"column":27}},"47":{"start":{"line":126,"column":4},"end":{"line":126,"column":48}},"48":{"start":{"line":127,"column":4},"end":{"line":133,"column":9}},"49":{"start":{"line":128,"column":6},"end":{"line":128,"column":57}},"50":{"start":{"line":129,"column":18},"end":{"line":129,"column":25}},"51":{"start":{"line":131,"column":8},"end":{"line":131,"column":58}},"52":{"start":{"line":132,"column":8},"end":{"line":132,"column":null}},"53":{"start":{"line":137,"column":4},"end":{"line":137,"column":20}},"54":{"start":{"line":141,"column":4},"end":{"line":141,"column":24}},"55":{"start":{"line":145,"column":4},"end":{"line":145,"column":25}},"56":{"start":{"line":146,"column":4},"end":{"line":146,"column":16}},"57":{"start":{"line":150,"column":4},"end":{"line":150,"column":29}},"58":{"start":{"line":151,"column":4},"end":{"line":151,"column":16}},"59":{"start":{"line":155,"column":17},"end":{"line":155,"column":32}},"60":{"start":{"line":156,"column":4},"end":{"line":172,"column":null}},"61":{"start":{"line":157,"column":6},"end":{"line":157,"column":32}},"62":{"start":{"line":158,"column":6},"end":{"line":162,"column":9}},"63":{"start":{"line":159,"column":8},"end":{"line":161,"column":null}},"64":{"start":{"line":160,"column":10},"end":{"line":160,"column":45}},"65":{"start":{"line":163,"column":6},"end":{"line":167,"column":9}},"66":{"start":{"line":164,"column":8},"end":{"line":166,"column":null}},"67":{"start":{"line":165,"column":10},"end":{"line":165,"column":56}},"68":{"start":{"line":168,"column":6},"end":{"line":170,"column":null}},"69":{"start":{"line":169,"column":8},"end":{"line":169,"column":70}},"70":{"start":{"line":171,"column":6},"end":{"line":171,"column":null}},"71":{"start":{"line":176,"column":4},"end":{"line":196,"column":null}},"72":{"start":{"line":177,"column":6},"end":{"line":177,"column":32}},"73":{"start":{"line":178,"column":6},"end":{"line":180,"column":null}},"74":{"start":{"line":179,"column":8},"end":{"line":179,"column":69}},"75":{"start":{"line":181,"column":6},"end":{"line":189,"column":9}},"76":{"start":{"line":181,"column":37},"end":{"line":181,"column":50}},"77":{"start":{"line":182,"column":8},"end":{"line":188,"column":null}},"78":{"start":{"line":183,"column":22},"end":{"line":183,"column":73}},"79":{"start":{"line":183,"column":55},"end":{"line":183,"column":72}},"80":{"start":{"line":184,"column":10},"end":{"line":187,"column":null}},"81":{"start":{"line":185,"column":12},"end":{"line":185,"column":58}},"82":{"start":{"line":186,"column":12},"end":{"line":186,"column":72}},"83":{"start":{"line":186,"column":53},"end":{"line":186,"column":70}},"84":{"start":{"line":190,"column":6},"end":{"line":194,"column":null}},"85":{"start":{"line":191,"column":8},"end":{"line":193,"column":11}},"86":{"start":{"line":195,"column":6},"end":{"line":195,"column":31}},"87":{"start":{"line":200,"column":16},"end":{"line":200,"column":64}},"88":{"start":{"line":201,"column":4},"end":{"line":201,"column":29}},"89":{"start":{"line":202,"column":4},"end":{"line":204,"column":null}},"90":{"start":{"line":203,"column":6},"end":{"line":203,"column":41}},"91":{"start":{"line":205,"column":4},"end":{"line":205,"column":15}},"92":{"start":{"line":209,"column":4},"end":{"line":209,"column":50}},"93":{"start":{"line":210,"column":4},"end":{"line":212,"column":null}},"94":{"start":{"line":211,"column":6},"end":{"line":211,"column":52}},"95":{"start":{"line":216,"column":4},"end":{"line":216,"column":33}},"96":{"start":{"line":220,"column":4},"end":{"line":220,"column":32}},"97":{"start":{"line":106,"column":0},"end":{"line":106,"column":13}}},"fnMap":{"0":{"name":"(anonymous_7)","decl":{"start":{"line":19,"column":2},"end":{"line":19,"column":14}},"loc":{"start":{"line":19,"column":74},"end":{"line":23,"column":3}}},"1":{"name":"(anonymous_8)","decl":{"start":{"line":24,"column":2},"end":{"line":24,"column":20}},"loc":{"start":{"line":24,"column":52},"end":{"line":30,"column":3}}},"2":{"name":"(anonymous_9)","decl":{"start":{"line":55,"column":25},"end":{"line":55,"column":26}},"loc":{"start":{"line":55,"column":108},"end":{"line":66,"column":1}}},"3":{"name":"(anonymous_10)","decl":{"start":{"line":68,"column":26},"end":{"line":68,"column":31}},"loc":{"start":{"line":68,"column":97},"end":{"line":86,"column":1}}},"4":{"name":"(anonymous_11)","decl":{"start":{"line":69,"column":57},"end":{"line":69,"column":58}},"loc":{"start":{"line":69,"column":66},"end":{"line":71,"column":3}}},"5":{"name":"(anonymous_12)","decl":{"start":{"line":73,"column":20},"end":{"line":73,"column":25}},"loc":{"start":{"line":73,"column":41},"end":{"line":84,"column":5}}},"6":{"name":"(anonymous_13)","decl":{"start":{"line":78,"column":46},"end":{"line":78,"column":47}},"loc":{"start":{"line":78,"column":46},"end":{"line":78,"column":47}}},"7":{"name":"(anonymous_14)","decl":{"start":{"line":88,"column":21},"end":{"line":88,"column":22}},"loc":{"start":{"line":88,"column":100},"end":{"line":94,"column":1}}},"8":{"name":"(anonymous_15)","decl":{"start":{"line":96,"column":22},"end":{"line":96,"column":23}},"loc":{"start":{"line":96,"column":61},"end":{"line":104,"column":2}}},"9":{"name":"(anonymous_16)","decl":{"start":{"line":121,"column":2},"end":{"line":121,"column":14}},"loc":{"start":{"line":121,"column":84},"end":{"line":134,"column":3}}},"10":{"name":"(anonymous_17)","decl":{"start":{"line":127,"column":28},"end":{"line":127,"column":29}},"loc":{"start":{"line":127,"column":48},"end":{"line":129,"column":5}}},"11":{"name":"(anonymous_18)","decl":{"start":{"line":129,"column":12},"end":{"line":129,"column":15}},"loc":{"start":{"line":129,"column":18},"end":{"line":129,"column":25}}},"12":{"name":"(anonymous_19)","decl":{"start":{"line":130,"column":13},"end":{"line":130,"column":18}},"loc":{"start":{"line":130,"column":21},"end":{"line":133,"column":7}}},"13":{"name":"(anonymous_20)","decl":{"start":{"line":136,"column":2},"end":{"line":136,"column":6}},"loc":{"start":{"line":136,"column":8},"end":{"line":138,"column":3}}},"14":{"name":"(anonymous_21)","decl":{"start":{"line":140,"column":2},"end":{"line":140,"column":6}},"loc":{"start":{"line":140,"column":12},"end":{"line":142,"column":3}}},"15":{"name":"(anonymous_22)","decl":{"start":{"line":144,"column":2},"end":{"line":144,"column":12}},"loc":{"start":{"line":144,"column":27},"end":{"line":147,"column":3}}},"16":{"name":"(anonymous_23)","decl":{"start":{"line":149,"column":2},"end":{"line":149,"column":21}},"loc":{"start":{"line":149,"column":47},"end":{"line":152,"column":3}}},"17":{"name":"(anonymous_24)","decl":{"start":{"line":154,"column":2},"end":{"line":154,"column":7}},"loc":{"start":{"line":154,"column":13},"end":{"line":173,"column":3}}},"18":{"name":"(anonymous_25)","decl":{"start":{"line":158,"column":30},"end":{"line":158,"column":33}},"loc":{"start":{"line":158,"column":36},"end":{"line":162,"column":7}}},"19":{"name":"(anonymous_26)","decl":{"start":{"line":163,"column":38},"end":{"line":163,"column":39}},"loc":{"start":{"line":163,"column":58},"end":{"line":167,"column":7}}},"20":{"name":"(anonymous_27)","decl":{"start":{"line":175,"column":2},"end":{"line":175,"column":7}},"loc":{"start":{"line":175,"column":12},"end":{"line":197,"column":3}}},"21":{"name":"(anonymous_28)","decl":{"start":{"line":181,"column":25},"end":{"line":181,"column":33}},"loc":{"start":{"line":181,"column":37},"end":{"line":181,"column":50}}},"22":{"name":"(anonymous_29)","decl":{"start":{"line":181,"column":60},"end":{"line":181,"column":64}},"loc":{"start":{"line":181,"column":67},"end":{"line":189,"column":7}}},"23":{"name":"(anonymous_30)","decl":{"start":{"line":183,"column":44},"end":{"line":183,"column":45}},"loc":{"start":{"line":183,"column":55},"end":{"line":183,"column":72}}},"24":{"name":"(anonymous_31)","decl":{"start":{"line":186,"column":42},"end":{"line":186,"column":43}},"loc":{"start":{"line":186,"column":53},"end":{"line":186,"column":70}}},"25":{"name":"(anonymous_32)","decl":{"start":{"line":191,"column":40},"end":{"line":191,"column":48}},"loc":{"start":{"line":191,"column":51},"end":{"line":193,"column":9}}},"26":{"name":"(anonymous_33)","decl":{"start":{"line":199,"column":2},"end":{"line":199,"column":13}},"loc":{"start":{"line":199,"column":77},"end":{"line":206,"column":3}}},"27":{"name":"(anonymous_34)","decl":{"start":{"line":208,"column":2},"end":{"line":208,"column":14}},"loc":{"start":{"line":208,"column":54},"end":{"line":213,"column":3}}},"28":{"name":"(anonymous_35)","decl":{"start":{"line":215,"column":2},"end":{"line":215,"column":9}},"loc":{"start":{"line":215,"column":104},"end":{"line":217,"column":3}}},"29":{"name":"(anonymous_36)","decl":{"start":{"line":219,"column":2},"end":{"line":219,"column":8}},"loc":{"start":{"line":219,"column":103},"end":{"line":221,"column":3}}}},"branchMap":{"0":{"loc":{"start":{"line":25,"column":4},"end":{"line":29,"column":null}},"type":"if","locations":[{"start":{"line":25,"column":4},"end":{"line":29,"column":null}},{"start":{"line":27,"column":11},"end":{"line":29,"column":null}}]},"1":{"loc":{"start":{"line":25,"column":7},"end":{"line":25,"column":42}},"type":"binary-expr","locations":[{"start":{"line":25,"column":7},"end":{"line":25,"column":19}},{"start":{"line":25,"column":23},"end":{"line":25,"column":42}}]},"2":{"loc":{"start":{"line":57,"column":2},"end":{"line":65,"column":null}},"type":"if","locations":[{"start":{"line":57,"column":2},"end":{"line":65,"column":null}}]},"3":{"loc":{"start":{"line":59,"column":4},"end":{"line":64,"column":null}},"type":"if","locations":[{"start":{"line":59,"column":4},"end":{"line":64,"column":null}},{"start":{"line":62,"column":11},"end":{"line":64,"column":null}}]},"4":{"loc":{"start":{"line":59,"column":7},"end":{"line":59,"column":56}},"type":"binary-expr","locations":[{"start":{"line":59,"column":7},"end":{"line":59,"column":28}},{"start":{"line":59,"column":32},"end":{"line":59,"column":56}}]},"5":{"loc":{"start":{"line":68,"column":57},"end":{"line":68,"column":93}},"type":"default-arg","locations":[{"start":{"line":68,"column":91},"end":{"line":68,"column":93}}]},"6":{"loc":{"start":{"line":75,"column":61},"end":{"line":75,"column":110}},"type":"cond-expr","locations":[{"start":{"line":75,"column":78},"end":{"line":75,"column":87}},{"start":{"line":75,"column":90},"end":{"line":75,"column":110}}]},"7":{"loc":{"start":{"line":89,"column":2},"end":{"line":93,"column":null}},"type":"if","locations":[{"start":{"line":89,"column":2},"end":{"line":93,"column":null}},{"start":{"line":91,"column":9},"end":{"line":93,"column":null}}]},"8":{"loc":{"start":{"line":121,"column":48},"end":{"line":121,"column":84}},"type":"default-arg","locations":[{"start":{"line":121,"column":82},"end":{"line":121,"column":84}}]},"9":{"loc":{"start":{"line":156,"column":4},"end":{"line":172,"column":null}},"type":"if","locations":[{"start":{"line":156,"column":4},"end":{"line":172,"column":null}}]},"10":{"loc":{"start":{"line":156,"column":8},"end":{"line":156,"column":84}},"type":"binary-expr","locations":[{"start":{"line":156,"column":8},"end":{"line":156,"column":24}},{"start":{"line":156,"column":29},"end":{"line":156,"column":54}},{"start":{"line":156,"column":58},"end":{"line":156,"column":83}}]},"11":{"loc":{"start":{"line":159,"column":8},"end":{"line":161,"column":null}},"type":"if","locations":[{"start":{"line":159,"column":8},"end":{"line":161,"column":null}}]},"12":{"loc":{"start":{"line":164,"column":8},"end":{"line":166,"column":null}},"type":"if","locations":[{"start":{"line":164,"column":8},"end":{"line":166,"column":null}}]},"13":{"loc":{"start":{"line":168,"column":6},"end":{"line":170,"column":null}},"type":"if","locations":[{"start":{"line":168,"column":6},"end":{"line":170,"column":null}}]},"14":{"loc":{"start":{"line":176,"column":4},"end":{"line":196,"column":null}},"type":"if","locations":[{"start":{"line":176,"column":4},"end":{"line":196,"column":null}}]},"15":{"loc":{"start":{"line":178,"column":6},"end":{"line":180,"column":null}},"type":"if","locations":[{"start":{"line":178,"column":6},"end":{"line":180,"column":null}}]},"16":{"loc":{"start":{"line":182,"column":8},"end":{"line":188,"column":null}},"type":"if","locations":[{"start":{"line":182,"column":8},"end":{"line":188,"column":null}}]},"17":{"loc":{"start":{"line":182,"column":12},"end":{"line":182,"column":44}},"type":"binary-expr","locations":[{"start":{"line":182,"column":12},"end":{"line":182,"column":23}},{"start":{"line":182,"column":27},"end":{"line":182,"column":44}}]},"18":{"loc":{"start":{"line":190,"column":6},"end":{"line":194,"column":null}},"type":"if","locations":[{"start":{"line":190,"column":6},"end":{"line":194,"column":null}}]},"19":{"loc":{"start":{"line":202,"column":4},"end":{"line":204,"column":null}},"type":"if","locations":[{"start":{"line":202,"column":4},"end":{"line":204,"column":null}}]},"20":{"loc":{"start":{"line":202,"column":8},"end":{"line":202,"column":49}},"type":"binary-expr","locations":[{"start":{"line":202,"column":8},"end":{"line":202,"column":19}},{"start":{"line":202,"column":23},"end":{"line":202,"column":49}}]},"21":{"loc":{"start":{"line":210,"column":4},"end":{"line":212,"column":null}},"type":"if","locations":[{"start":{"line":210,"column":4},"end":{"line":212,"column":null}}]},"22":{"loc":{"start":{"line":210,"column":8},"end":{"line":210,"column":51}},"type":"binary-expr","locations":[{"start":{"line":210,"column":8},"end":{"line":210,"column":21}},{"start":{"line":210,"column":25},"end":{"line":210,"column":51}}]}},"s":{"0":1,"1":1,"2":1,"3":1,"4":1,"5":0,"6":0,"7":0,"8":0,"9":0,"10":0,"11":0,"12":1,"13":1,"14":0,"15":0,"16":0,"17":0,"18":0,"19":0,"20":0,"21":1,"22":0,"23":0,"24":0,"25":0,"26":0,"27":0,"28":0,"29":0,"30":0,"31":0,"32":0,"33":1,"34":1,"35":0,"36":0,"37":0,"38":1,"39":3,"40":3,"41":3,"42":3,"43":3,"44":3,"45":3,"46":3,"47":3,"48":3,"49":3,"50":3,"51":0,"52":0,"53":7,"54":5,"55":0,"56":0,"57":0,"58":0,"59":2,"60":2,"61":2,"62":2,"63":0,"64":0,"65":2,"66":0,"67":0,"68":2,"69":1,"70":2,"71":1,"72":1,"73":1,"74":1,"75":1,"76":0,"77":0,"78":0,"79":0,"80":0,"81":0,"82":0,"83":0,"84":1,"85":0,"86":1,"87":0,"88":0,"89":0,"90":0,"91":0,"92":0,"93":0,"94":0,"95":1,"96":1,"97":1},"f":{"0":0,"1":0,"2":0,"3":0,"4":0,"5":0,"6":0,"7":0,"8":3,"9":3,"10":3,"11":3,"12":0,"13":7,"14":5,"15":0,"16":0,"17":2,"18":0,"19":0,"20":1,"21":0,"22":0,"23":0,"24":0,"25":0,"26":0,"27":0,"28":1,"29":1},"b":{"0":[0,0],"1":[0,0],"2":[0],"3":[0,0],"4":[0,0],"5":[0],"6":[0,0],"7":[0,0],"8":[0],"9":[2],"10":[2,2,0],"11":[0],"12":[0],"13":[1],"14":[1],"15":[1],"16":[0],"17":[0,0],"18":[0],"19":[0],"20":[0,0],"21":[0],"22":[0,0]}}
,"/Users/lel/Projects/kai-stack/packages/server/src/platform/scheduler.ts": {"path":"/Users/lel/Projects/kai-stack/packages/server/src/platform/scheduler.ts","statementMap":{"0":{"start":{"line":1,"column":0},"end":{"line":1,"column":50}},"1":{"start":{"line":3,"column":20},"end":{"line":5,"column":1}},"2":{"start":{"line":4,"column":2},"end":{"line":4,"column":40}},"3":{"start":{"line":3,"column":13},"end":{"line":3,"column":20}},"4":{"start":{"line":7,"column":21},"end":{"line":12,"column":1}},"5":{"start":{"line":8,"column":2},"end":{"line":11,"column":10}},"6":{"start":{"line":8,"column":32},"end":{"line":11,"column":8}},"7":{"start":{"line":9,"column":4},"end":{"line":9,"column":11}},"8":{"start":{"line":10,"column":4},"end":{"line":10,"column":14}},"9":{"start":{"line":7,"column":13},"end":{"line":7,"column":21}}},"fnMap":{"0":{"name":"(anonymous_0)","decl":{"start":{"line":3,"column":20},"end":{"line":3,"column":21}},"loc":{"start":{"line":3,"column":82},"end":{"line":5,"column":1}}},"1":{"name":"(anonymous_1)","decl":{"start":{"line":7,"column":21},"end":{"line":7,"column":22}},"loc":{"start":{"line":7,"column":71},"end":{"line":12,"column":1}}},"2":{"name":"(anonymous_2)","decl":{"start":{"line":8,"column":21},"end":{"line":8,"column":28}},"loc":{"start":{"line":8,"column":32},"end":{"line":11,"column":8}}},"3":{"name":"(anonymous_3)","decl":{"start":{"line":8,"column":43},"end":{"line":8,"column":46}},"loc":{"start":{"line":8,"column":48},"end":{"line":11,"column":3}}}},"branchMap":{},"s":{"0":1,"1":1,"2":0,"3":1,"4":1,"5":0,"6":0,"7":0,"8":0,"9":1},"f":{"0":0,"1":0,"2":0,"3":0},"b":{}}
}
