{"/Users/lel/Projects/kai-stack/packages/server/src/platform/config.ts": {"path":"/Users/lel/Projects/kai-stack/packages/server/src/platform/config.ts","statementMap":{"0":{"start":{"line":1,"column":0},"end":{"line":1,"column":20}},"1":{"start":{"line":2,"column":0},"end":{"line":2,"column":29}},"2":{"start":{"line":3,"column":0},"end":{"line":3,"column":24}},"3":{"start":{"line":5,"column":14},"end":{"line":5,"column":30}},"4":{"start":{"line":6,"column":0},"end":{"line":8,"column":null}},"5":{"start":{"line":7,"column":2},"end":{"line":7,"column":45}},"6":{"start":{"line":24,"column":24},"end":{"line":29,"column":1}},"7":{"start":{"line":25,"column":2},"end":{"line":28,"column":21}},"8":{"start":{"line":26,"column":26},"end":{"line":26,"column":76}},"9":{"start":{"line":27,"column":4},"end":{"line":27,"column":32}},"10":{"start":{"line":28,"column":9},"end":{"line":28,"column":21}},"11":{"start":{"line":24,"column":13},"end":{"line":24,"column":24}},"12":{"start":{"line":30,"column":26},"end":{"line":36,"column":1}},"13":{"start":{"line":31,"column":18},"end":{"line":34,"column":40}},"14":{"start":{"line":32,"column":33},"end":{"line":32,"column":79}},"15":{"start":{"line":33,"column":25},"end":{"line":33,"column":45}},"16":{"start":{"line":34,"column":24},"end":{"line":34,"column":39}},"17":{"start":{"line":35,"column":2},"end":{"line":35,"column":39}},"18":{"start":{"line":30,"column":13},"end":{"line":30,"column":26}},"19":{"start":{"line":38,"column":13},"end":{"line":38,"column":51}}},"fnMap":{"0":{"name":"(anonymous_1)","decl":{"start":{"line":24,"column":24},"end":{"line":24,"column":25}},"loc":{"start":{"line":24,"column":47},"end":{"line":29,"column":1}}},"1":{"name":"(anonymous_2)","decl":{"start":{"line":30,"column":26},"end":{"line":30,"column":30}},"loc":{"start":{"line":30,"column":61},"end":{"line":36,"column":1}}},"2":{"name":"(anonymous_3)","decl":{"start":{"line":32,"column":9},"end":{"line":32,"column":10}},"loc":{"start":{"line":32,"column":33},"end":{"line":32,"column":79}}},"3":{"name":"(anonymous_4)","decl":{"start":{"line":33,"column":9},"end":{"line":33,"column":10}},"loc":{"start":{"line":33,"column":25},"end":{"line":33,"column":45}}},"4":{"name":"(anonymous_5)","decl":{"start":{"line":34,"column":12},"end":{"line":34,"column":13}},"loc":{"start":{"line":34,"column":24},"end":{"line":34,"column":39}}}},"branchMap":{"0":{"loc":{"start":{"line":6,"column":0},"end":{"line":8,"column":null}},"type":"if","locations":[{"start":{"line":6,"column":0},"end":{"line":8,"column":null}}]},"1":{"loc":{"start":{"line":25,"column":2},"end":{"line":28,"column":21}},"type":"if","locations":[{"start":{"line":25,"column":2},"end":{"line":28,"column":21}},{"start":{"line":28,"column":9},"end":{"line":28,"column":21}}]}},"s":{"0":1,"1":1,"2":1,"3":1,"4":1,"5":1,"6":1,"7":2,"8":1,"9":1,"10":1,"11":1,"12":1,"13":1,"14":2,"15":2,"16":2,"17":1,"18":1,"19":1},"f":{"0":2,"1":1,"2":2,"3":2,"4":2},"b":{"0":[1],"1":[1,1]}}
,"/Users/lel/Projects/kai-stack/packages/server/src/platform/fileUtils.ts": {"path":"/Users/lel/Projects/kai-stack/packages/server/src/platform/fileUtils.ts","statementMap":{"0":{"start":{"line":1,"column":0},"end":{"line":1,"column":32}},"1":{"start":{"line":2,"column":0},"end":{"line":2,"column":24}},"2":{"start":{"line":4,"column":19},"end":{"line":9,"column":1}},"3":{"start":{"line":5,"column":2},"end":{"line":8,"column":4}},"4":{"start":{"line":11,"column":28},"end":{"line":33,"column":1}},"5":{"start":{"line":14,"column":44},"end":{"line":14,"column":48}},"6":{"start":{"line":16,"column":26},"end":{"line":20,"column":10}},"7":{"start":{"line":21,"column":2},"end":{"line":32,"column":13}},"8":{"start":{"line":22,"column":22},"end":{"line":22,"column":54}},"9":{"start":{"line":23,"column":4},"end":{"line":30,"column":null}},"10":{"start":{"line":24,"column":6},"end":{"line":27,"column":9}},"11":{"start":{"line":25,"column":8},"end":{"line":25,"column":31}},"12":{"start":{"line":26,"column":8},"end":{"line":26,"column":22}},"13":{"start":{"line":28,"column":11},"end":{"line":30,"column":null}},"14":{"start":{"line":29,"column":6},"end":{"line":29,"column":53}},"15":{"start":{"line":31,"column":4},"end":{"line":31,"column":18}},"16":{"start":{"line":11,"column":13},"end":{"line":11,"column":28}}},"fnMap":{"0":{"name":"(anonymous_1)","decl":{"start":{"line":4,"column":19},"end":{"line":4,"column":20}},"loc":{"start":{"line":4,"column":37},"end":{"line":9,"column":1}}},"1":{"name":"(anonymous_2)","decl":{"start":{"line":11,"column":28},"end":{"line":11,"column":33}},"loc":{"start":{"line":15,"column":23},"end":{"line":33,"column":1}}},"2":{"name":"(anonymous_3)","decl":{"start":{"line":14,"column":38},"end":{"line":14,"column":41}},"loc":{"start":{"line":14,"column":44},"end":{"line":14,"column":48}}},"3":{"name":"(anonymous_4)","decl":{"start":{"line":21,"column":30},"end":{"line":21,"column":35}},"loc":{"start":{"line":21,"column":54},"end":{"line":32,"column":3}}},"4":{"name":"(anonymous_5)","decl":{"start":{"line":24,"column":18},"end":{"line":24,"column":19}},"loc":{"start":{"line":24,"column":29},"end":{"line":27,"column":7}}}},"branchMap":{"0":{"loc":{"start":{"line":6,"column":4},"end":{"line":7,"column":55}},"type":"binary-expr","locations":[{"start":{"line":6,"column":5},"end":{"line":6,"column":19}},{"start":{"line":6,"column":23},"end":{"line":6,"column":54}},{"start":{"line":7,"column":5},"end":{"line":7,"column":24}},{"start":{"line":7,"column":28},"end":{"line":7,"column":54}}]},"1":{"loc":{"start":{"line":13,"column":2},"end":{"line":13,"column":49}},"type":"default-arg","locations":[{"start":{"line":13,"column":30},"end":{"line":13,"column":49}}]},"2":{"loc":{"start":{"line":14,"column":2},"end":{"line":14,"column":48}},"type":"default-arg","locations":[{"start":{"line":14,"column":38},"end":{"line":14,"column":48}}]},"3":{"loc":{"start":{"line":23,"column":4},"end":{"line":30,"column":null}},"type":"if","locations":[{"start":{"line":23,"column":4},"end":{"line":30,"column":null}},{"start":{"line":28,"column":11},"end":{"line":30,"column":null}}]},"4":{"loc":{"start":{"line":23,"column":8},"end":{"line":23,"column":57}},"type":"binary-expr","locations":[{"start":{"line":23,"column":8},"end":{"line":23,"column":22}},{"start":{"line":23,"column":27},"end":{"line":23,"column":56}}]},"5":{"loc":{"start":{"line":23,"column":27},"end":{"line":23,"column":56}},"type":"cond-expr","locations":[{"start":{"line":23,"column":36},"end":{"line":23,"column":49}},{"start":{"line":23,"column":52},"end":{"line":23,"column":56}}]},"6":{"loc":{"start":{"line":28,"column":11},"end":{"line":30,"column":null}},"type":"if","locations":[{"start":{"line":28,"column":11},"end":{"line":30,"column":null}}]},"7":{"loc":{"start":{"line":28,"column":15},"end":{"line":28,"column":56}},"type":"binary-expr","locations":[{"start":{"line":28,"column":15},"end":{"line":28,"column":34}},{"start":{"line":28,"column":38},"end":{"line":28,"column":56}}]}},"s":{"0":1,"1":1,"2":1,"3":0,"4":1,"5":0,"6":0,"7":0,"8":0,"9":0,"10":0,"11":0,"12":0,"13":0,"14":0,"15":0,"16":1},"f":{"0":0,"1":0,"2":0,"3":0,"4":0},"b":{"0":[0,0,0,0],"1":[0],"2":[0],"3":[0,0],"4":[0,0],"5":[0,0],"6":[0],"7":[0,0]}}
,"/Users/lel/Projects/kai-stack/packages/server/src/platform/logger.ts": {"path":"/Users/lel/Projects/kai-stack/packages/server/src/platform/logger.ts","statementMap":{"0":{"start":{"line":1,"column":0},"end":{"line":1,"column":67}},"1":{"start":{"line":2,"column":0},"end":{"line":2,"column":56}},"2":{"start":{"line":3,"column":0},"end":{"line":3,"column":34}},"3":{"start":{"line":5,"column":60},"end":{"line":5,"column":66}},"4":{"start":{"line":7,"column":19},"end":{"line":11,"column":null}},"5":{"start":{"line":9,"column":4},"end":{"line":11,"column":20}},"6":{"start":{"line":14,"column":48},"end":{"line":14,"column":50}},"7":{"start":{"line":15,"column":21},"end":{"line":15,"column":41}},"8":{"start":{"line":17,"column":19},"end":{"line":43,"column":2}},"9":{"start":{"line":45,"column":25},"end":{"line":56,"column":1}},"10":{"start":{"line":46,"column":2},"end":{"line":55,"column":null}},"11":{"start":{"line":47,"column":22},"end":{"line":47,"column":41}},"12":{"start":{"line":48,"column":4},"end":{"line":51,"column":null}},"13":{"start":{"line":49,"column":6},"end":{"line":49,"column":55}},"14":{"start":{"line":50,"column":6},"end":{"line":50,"column":40}},"15":{"start":{"line":52,"column":4},"end":{"line":52,"column":23}},"16":{"start":{"line":54,"column":4},"end":{"line":54,"column":22}},"17":{"start":{"line":45,"column":13},"end":{"line":45,"column":25}}},"fnMap":{"0":{"name":"(anonymous_1)","decl":{"start":{"line":8,"column":2},"end":{"line":8,"column":3}},"loc":{"start":{"line":9,"column":4},"end":{"line":11,"column":20}}},"1":{"name":"(anonymous_2)","decl":{"start":{"line":45,"column":25},"end":{"line":45,"column":26}},"loc":{"start":{"line":45,"column":52},"end":{"line":56,"column":1}}}},"branchMap":{"0":{"loc":{"start":{"line":10,"column":6},"end":{"line":10,"column":null}},"type":"cond-expr","locations":[{"start":{"line":10,"column":14},"end":{"line":10,"column":27}},{"start":{"line":10,"column":30},"end":{"line":10,"column":null}}]},"1":{"loc":{"start":{"line":46,"column":2},"end":{"line":55,"column":null}},"type":"if","locations":[{"start":{"line":46,"column":2},"end":{"line":55,"column":null}},{"start":{"line":53,"column":9},"end":{"line":55,"column":null}}]},"2":{"loc":{"start":{"line":48,"column":4},"end":{"line":51,"column":null}},"type":"if","locations":[{"start":{"line":48,"column":4},"end":{"line":51,"column":null}}]}},"s":{"0":1,"1":1,"2":1,"3":1,"4":1,"5":0,"6":1,"7":1,"8":1,"9":1,"10":1,"11":1,"12":1,"13":1,"14":1,"15":1,"16":0,"17":1},"f":{"0":0,"1":1},"b":{"0":[0,0],"1":[1,0],"2":[1]}}
,"/Users/lel/Projects/kai-stack/packages/server/src/platform/plugin.ts": {"path":"/Users/lel/Projects/kai-stack/packages/server/src/platform/plugin.ts","statementMap":{"0":{"start":{"line":1,"column":0},"end":{"line":1,"column":24}},"1":{"start":{"line":3,"column":0},"end":{"line":3,"column":35}},"2":{"start":{"line":4,"column":0},"end":{"line":4,"column":41}},"3":{"start":{"line":26,"column":15},"end":{"line":26,"column":34}},"4":{"start":{"line":28,"column":25},"end":{"line":34,"column":1}},"5":{"start":{"line":29,"column":16},"end":{"line":29,"column":71}},"6":{"start":{"line":30,"column":2},"end":{"line":33,"column":null}},"7":{"start":{"line":31,"column":4},"end":{"line":31,"column":73}},"8":{"start":{"line":32,"column":4},"end":{"line":32,"column":41}},"9":{"start":{"line":36,"column":26},"end":{"line":46,"column":1}},"10":{"start":{"line":37,"column":22},"end":{"line":37,"column":56}},"11":{"start":{"line":38,"column":2},"end":{"line":45,"column":4}},"12":{"start":{"line":40,"column":24},"end":{"line":40,"column":51}},"13":{"start":{"line":41,"column":17},"end":{"line":41,"column":77}},"14":{"start":{"line":42,"column":21},"end":{"line":42,"column":71}},"15":{"start":{"line":42,"column":70},"end":{"line":42,"column":71}},"16":{"start":{"line":43,"column":6},"end":{"line":43,"column":53}},"17":{"start":{"line":36,"column":13},"end":{"line":36,"column":26}},"18":{"start":{"line":51,"column":19},"end":{"line":51,"column":null}},"19":{"start":{"line":52,"column":19},"end":{"line":52,"column":76}},"20":{"start":{"line":53,"column":19},"end":{"line":53,"column":56}},"21":{"start":{"line":55,"column":10},"end":{"line":55,"column":44}},"22":{"start":{"line":62,"column":4},"end":{"line":62,"column":18}},"23":{"start":{"line":63,"column":4},"end":{"line":63,"column":27}},"24":{"start":{"line":65,"column":24},"end":{"line":65,"column":96}},"25":{"start":{"line":66,"column":4},"end":{"line":72,"column":9}},"26":{"start":{"line":67,"column":6},"end":{"line":67,"column":40}},"27":{"start":{"line":68,"column":18},"end":{"line":68,"column":25}},"28":{"start":{"line":70,"column":8},"end":{"line":70,"column":58}},"29":{"start":{"line":71,"column":8},"end":{"line":71,"column":null}},"30":{"start":{"line":76,"column":4},"end":{"line":76,"column":20}},"31":{"start":{"line":79,"column":4},"end":{"line":79,"column":24}},"32":{"start":{"line":83,"column":4},"end":{"line":85,"column":7}},"33":{"start":{"line":86,"column":4},"end":{"line":88,"column":null}},"34":{"start":{"line":87,"column":6},"end":{"line":87,"column":63}},"35":{"start":{"line":92,"column":4},"end":{"line":92,"column":50}},"36":{"start":{"line":93,"column":4},"end":{"line":95,"column":null}},"37":{"start":{"line":94,"column":6},"end":{"line":94,"column":52}},"38":{"start":{"line":99,"column":4},"end":{"line":99,"column":33}},"39":{"start":{"line":103,"column":4},"end":{"line":103,"column":32}},"40":{"start":{"line":107,"column":4},"end":{"line":107,"column":25}},"41":{"start":{"line":108,"column":4},"end":{"line":108,"column":29}},"42":{"start":{"line":109,"column":17},"end":{"line":109,"column":32}},"43":{"start":{"line":110,"column":4},"end":{"line":126,"column":null}},"44":{"start":{"line":111,"column":6},"end":{"line":111,"column":32}},"45":{"start":{"line":112,"column":6},"end":{"line":116,"column":null}},"46":{"start":{"line":113,"column":8},"end":{"line":115,"column":11}},"47":{"start":{"line":114,"column":10},"end":{"line":114,"column":62}},"48":{"start":{"line":117,"column":6},"end":{"line":121,"column":null}},"49":{"start":{"line":118,"column":8},"end":{"line":120,"column":null}},"50":{"start":{"line":119,"column":10},"end":{"line":119,"column":51}},"51":{"start":{"line":122,"column":6},"end":{"line":124,"column":null}},"52":{"start":{"line":123,"column":8},"end":{"line":123,"column":53}},"53":{"start":{"line":125,"column":6},"end":{"line":125,"column":null}},"54":{"start":{"line":130,"column":4},"end":{"line":150,"column":null}},"55":{"start":{"line":131,"column":6},"end":{"line":131,"column":32}},"56":{"start":{"line":132,"column":6},"end":{"line":134,"column":null}},"57":{"start":{"line":133,"column":8},"end":{"line":133,"column":52}},"58":{"start":{"line":135,"column":6},"end":{"line":143,"column":9}},"59":{"start":{"line":135,"column":37},"end":{"line":135,"column":50}},"60":{"start":{"line":136,"column":8},"end":{"line":142,"column":null}},"61":{"start":{"line":137,"column":22},"end":{"line":137,"column":73}},"62":{"start":{"line":137,"column":55},"end":{"line":137,"column":72}},"63":{"start":{"line":138,"column":10},"end":{"line":141,"column":null}},"64":{"start":{"line":139,"column":12},"end":{"line":139,"column":58}},"65":{"start":{"line":140,"column":12},"end":{"line":140,"column":72}},"66":{"start":{"line":140,"column":53},"end":{"line":140,"column":70}},"67":{"start":{"line":144,"column":6},"end":{"line":148,"column":null}},"68":{"start":{"line":145,"column":8},"end":{"line":147,"column":11}},"69":{"start":{"line":149,"column":6},"end":{"line":149,"column":31}},"70":{"start":{"line":48,"column":0},"end":{"line":48,"column":13}}},"fnMap":{"0":{"name":"(anonymous_7)","decl":{"start":{"line":28,"column":25},"end":{"line":28,"column":26}},"loc":{"start":{"line":28,"column":109},"end":{"line":34,"column":1}}},"1":{"name":"(anonymous_8)","decl":{"start":{"line":36,"column":26},"end":{"line":36,"column":31}},"loc":{"start":{"line":36,"column":95},"end":{"line":46,"column":1}}},"2":{"name":"(anonymous_9)","decl":{"start":{"line":39,"column":20},"end":{"line":39,"column":25}},"loc":{"start":{"line":39,"column":41},"end":{"line":44,"column":5}}},"3":{"name":"(anonymous_10)","decl":{"start":{"line":42,"column":70},"end":{"line":42,"column":71}},"loc":{"start":{"line":42,"column":70},"end":{"line":42,"column":71}}},"4":{"name":"(anonymous_11)","decl":{"start":{"line":61,"column":2},"end":{"line":61,"column":14}},"loc":{"start":{"line":61,"column":82},"end":{"line":73,"column":3}}},"5":{"name":"(anonymous_12)","decl":{"start":{"line":66,"column":28},"end":{"line":66,"column":29}},"loc":{"start":{"line":66,"column":48},"end":{"line":68,"column":5}}},"6":{"name":"(anonymous_13)","decl":{"start":{"line":68,"column":12},"end":{"line":68,"column":15}},"loc":{"start":{"line":68,"column":18},"end":{"line":68,"column":25}}},"7":{"name":"(anonymous_14)","decl":{"start":{"line":69,"column":13},"end":{"line":69,"column":18}},"loc":{"start":{"line":69,"column":21},"end":{"line":72,"column":7}}},"8":{"name":"(anonymous_15)","decl":{"start":{"line":75,"column":2},"end":{"line":75,"column":6}},"loc":{"start":{"line":75,"column":8},"end":{"line":77,"column":3}}},"9":{"name":"(anonymous_16)","decl":{"start":{"line":78,"column":2},"end":{"line":78,"column":6}},"loc":{"start":{"line":78,"column":12},"end":{"line":80,"column":3}}},"10":{"name":"(anonymous_17)","decl":{"start":{"line":82,"column":2},"end":{"line":82,"column":13}},"loc":{"start":{"line":82,"column":77},"end":{"line":89,"column":3}}},"11":{"name":"(anonymous_18)","decl":{"start":{"line":91,"column":2},"end":{"line":91,"column":14}},"loc":{"start":{"line":91,"column":54},"end":{"line":96,"column":3}}},"12":{"name":"(anonymous_19)","decl":{"start":{"line":98,"column":2},"end":{"line":98,"column":9}},"loc":{"start":{"line":98,"column":54},"end":{"line":100,"column":3}}},"13":{"name":"(anonymous_20)","decl":{"start":{"line":102,"column":2},"end":{"line":102,"column":8}},"loc":{"start":{"line":102,"column":52},"end":{"line":104,"column":3}}},"14":{"name":"(anonymous_21)","decl":{"start":{"line":106,"column":2},"end":{"line":106,"column":7}},"loc":{"start":{"line":106,"column":57},"end":{"line":127,"column":3}}},"15":{"name":"(anonymous_22)","decl":{"start":{"line":113,"column":31},"end":{"line":113,"column":32}},"loc":{"start":{"line":113,"column":60},"end":{"line":115,"column":9}}},"16":{"name":"(anonymous_23)","decl":{"start":{"line":118,"column":40},"end":{"line":118,"column":41}},"loc":{"start":{"line":118,"column":60},"end":{"line":120,"column":9}}},"17":{"name":"(anonymous_24)","decl":{"start":{"line":129,"column":2},"end":{"line":129,"column":7}},"loc":{"start":{"line":129,"column":12},"end":{"line":151,"column":3}}},"18":{"name":"(anonymous_25)","decl":{"start":{"line":135,"column":25},"end":{"line":135,"column":33}},"loc":{"start":{"line":135,"column":37},"end":{"line":135,"column":50}}},"19":{"name":"(anonymous_26)","decl":{"start":{"line":135,"column":60},"end":{"line":135,"column":64}},"loc":{"start":{"line":135,"column":67},"end":{"line":143,"column":7}}},"20":{"name":"(anonymous_27)","decl":{"start":{"line":137,"column":44},"end":{"line":137,"column":45}},"loc":{"start":{"line":137,"column":55},"end":{"line":137,"column":72}}},"21":{"name":"(anonymous_28)","decl":{"start":{"line":140,"column":42},"end":{"line":140,"column":43}},"loc":{"start":{"line":140,"column":53},"end":{"line":140,"column":70}}},"22":{"name":"(anonymous_29)","decl":{"start":{"line":145,"column":40},"end":{"line":145,"column":48}},"loc":{"start":{"line":145,"column":51},"end":{"line":147,"column":9}}}},"branchMap":{"0":{"loc":{"start":{"line":30,"column":2},"end":{"line":33,"column":null}},"type":"if","locations":[{"start":{"line":30,"column":2},"end":{"line":33,"column":null}}]},"1":{"loc":{"start":{"line":36,"column":57},"end":{"line":36,"column":91}},"type":"default-arg","locations":[{"start":{"line":36,"column":89},"end":{"line":36,"column":91}}]},"2":{"loc":{"start":{"line":41,"column":17},"end":{"line":41,"column":77}},"type":"cond-expr","locations":[{"start":{"line":41,"column":34},"end":{"line":41,"column":64}},{"start":{"line":41,"column":67},"end":{"line":41,"column":77}}]},"3":{"loc":{"start":{"line":61,"column":48},"end":{"line":61,"column":82}},"type":"default-arg","locations":[{"start":{"line":61,"column":80},"end":{"line":61,"column":82}}]},"4":{"loc":{"start":{"line":86,"column":4},"end":{"line":88,"column":null}},"type":"if","locations":[{"start":{"line":86,"column":4},"end":{"line":88,"column":null}}]},"5":{"loc":{"start":{"line":86,"column":8},"end":{"line":86,"column":49}},"type":"binary-expr","locations":[{"start":{"line":86,"column":8},"end":{"line":86,"column":19}},{"start":{"line":86,"column":23},"end":{"line":86,"column":49}}]},"6":{"loc":{"start":{"line":93,"column":4},"end":{"line":95,"column":null}},"type":"if","locations":[{"start":{"line":93,"column":4},"end":{"line":95,"column":null}}]},"7":{"loc":{"start":{"line":93,"column":8},"end":{"line":93,"column":51}},"type":"binary-expr","locations":[{"start":{"line":93,"column":8},"end":{"line":93,"column":21}},{"start":{"line":93,"column":25},"end":{"line":93,"column":51}}]},"8":{"loc":{"start":{"line":110,"column":4},"end":{"line":126,"column":null}},"type":"if","locations":[{"start":{"line":110,"column":4},"end":{"line":126,"column":null}}]},"9":{"loc":{"start":{"line":110,"column":7},"end":{"line":110,"column":83}},"type":"binary-expr","locations":[{"start":{"line":110,"column":7},"end":{"line":110,"column":23}},{"start":{"line":110,"column":28},"end":{"line":110,"column":53}},{"start":{"line":110,"column":57},"end":{"line":110,"column":82}}]},"10":{"loc":{"start":{"line":112,"column":6},"end":{"line":116,"column":null}},"type":"if","locations":[{"start":{"line":112,"column":6},"end":{"line":116,"column":null}}]},"11":{"loc":{"start":{"line":117,"column":6},"end":{"line":121,"column":null}},"type":"if","locations":[{"start":{"line":117,"column":6},"end":{"line":121,"column":null}}]},"12":{"loc":{"start":{"line":122,"column":6},"end":{"line":124,"column":null}},"type":"if","locations":[{"start":{"line":122,"column":6},"end":{"line":124,"column":null}}]},"13":{"loc":{"start":{"line":130,"column":4},"end":{"line":150,"column":null}},"type":"if","locations":[{"start":{"line":130,"column":4},"end":{"line":150,"column":null}}]},"14":{"loc":{"start":{"line":132,"column":6},"end":{"line":134,"column":null}},"type":"if","locations":[{"start":{"line":132,"column":6},"end":{"line":134,"column":null}}]},"15":{"loc":{"start":{"line":136,"column":8},"end":{"line":142,"column":null}},"type":"if","locations":[{"start":{"line":136,"column":8},"end":{"line":142,"column":null}}]},"16":{"loc":{"start":{"line":136,"column":11},"end":{"line":136,"column":43}},"type":"binary-expr","locations":[{"start":{"line":136,"column":11},"end":{"line":136,"column":22}},{"start":{"line":136,"column":26},"end":{"line":136,"column":43}}]},"17":{"loc":{"start":{"line":144,"column":6},"end":{"line":148,"column":null}},"type":"if","locations":[{"start":{"line":144,"column":6},"end":{"line":148,"column":null}}]}},"s":{"0":1,"1":1,"2":1,"3":1,"4":1,"5":0,"6":0,"7":0,"8":0,"9":1,"10":0,"11":0,"12":0,"13":0,"14":0,"15":0,"16":0,"17":1,"18":3,"19":3,"20":3,"21":3,"22":3,"23":3,"24":3,"25":3,"26":3,"27":3,"28":0,"29":0,"30":1,"31":5,"32":0,"33":0,"34":0,"35":0,"36":0,"37":0,"38":2,"39":2,"40":2,"41":2,"42":2,"43":2,"44":2,"45":2,"46":0,"47":0,"48":2,"49":0,"50":0,"51":2,"52":1,"53":2,"54":1,"55":1,"56":1,"57":1,"58":1,"59":0,"60":0,"61":0,"62":0,"63":0,"64":0,"65":0,"66":0,"67":1,"68":0,"69":1,"70":1},"f":{"0":0,"1":0,"2":0,"3":0,"4":3,"5":3,"6":3,"7":0,"8":1,"9":5,"10":0,"11":0,"12":2,"13":2,"14":2,"15":0,"16":0,"17":1,"18":0,"19":0,"20":0,"21":0,"22":0},"b":{"0":[0],"1":[0],"2":[0,0],"3":[0],"4":[0],"5":[0,0],"6":[0],"7":[0,0],"8":[2],"9":[2,2,0],"10":[0],"11":[0],"12":[1],"13":[1],"14":[1],"15":[0],"16":[0,0],"17":[0]}}
}
