TN:
SF:src/platform/config.ts
FN:24,(anonymous_1)
FN:30,(anonymous_2)
FN:32,(anonymous_3)
FN:33,(anonymous_4)
FN:34,(anonymous_5)
FNF:5
FNH:5
FNDA:2,(anonymous_1)
FNDA:1,(anonymous_2)
FNDA:2,(anonymous_3)
FNDA:2,(anonymous_4)
FNDA:2,(anonymous_5)
DA:1,1
DA:2,1
DA:3,1
DA:5,1
DA:6,1
DA:7,1
DA:24,1
DA:25,2
DA:26,1
DA:27,1
DA:28,1
DA:30,1
DA:31,1
DA:32,2
DA:33,2
DA:34,2
DA:35,1
DA:38,1
LF:18
LH:18
BRDA:6,0,0,1
BRDA:25,1,0,1
BRDA:25,1,1,1
BRF:3
BRH:3
end_of_record
TN:
SF:src/platform/fileUtils.ts
FN:4,(anonymous_1)
FN:11,(anonymous_2)
FN:14,(anonymous_3)
FN:21,(anonymous_4)
FN:24,(anonymous_5)
FNF:5
FNH:0
FNDA:0,(anonymous_1)
FNDA:0,(anonymous_2)
FNDA:0,(anonymous_3)
FNDA:0,(anonymous_4)
FNDA:0,(anonymous_5)
DA:1,1
DA:2,1
DA:4,1
DA:5,0
DA:11,1
DA:14,0
DA:16,0
DA:21,0
DA:22,0
DA:23,0
DA:24,0
DA:25,0
DA:26,0
DA:28,0
DA:29,0
DA:31,0
LF:16
LH:4
BRDA:6,0,0,0
BRDA:6,0,1,0
BRDA:6,0,2,0
BRDA:6,0,3,0
BRDA:13,1,0,0
BRDA:14,2,0,0
BRDA:23,3,0,0
BRDA:23,3,1,0
BRDA:23,4,0,0
BRDA:23,4,1,0
BRDA:23,5,0,0
BRDA:23,5,1,0
BRDA:28,6,0,0
BRDA:28,7,0,0
BRDA:28,7,1,0
BRF:15
BRH:0
end_of_record
TN:
SF:src/platform/logger.ts
FN:8,(anonymous_1)
FN:45,(anonymous_2)
FNF:2
FNH:1
FNDA:0,(anonymous_1)
FNDA:1,(anonymous_2)
DA:1,1
DA:2,1
DA:3,1
DA:5,1
DA:7,1
DA:9,0
DA:14,1
DA:15,1
DA:17,1
DA:45,1
DA:46,1
DA:47,1
DA:48,1
DA:49,1
DA:50,1
DA:52,1
DA:54,0
LF:17
LH:15
BRDA:10,0,0,0
BRDA:10,0,1,0
BRDA:46,1,0,1
BRDA:46,1,1,0
BRDA:48,2,0,1
BRF:5
BRH:2
end_of_record
TN:
SF:src/platform/plugin.ts
FN:28,(anonymous_7)
FN:36,(anonymous_8)
FN:39,(anonymous_9)
FN:42,(anonymous_10)
FN:61,(anonymous_11)
FN:66,(anonymous_12)
FN:68,(anonymous_13)
FN:69,(anonymous_14)
FN:75,(anonymous_15)
FN:78,(anonymous_16)
FN:82,(anonymous_17)
FN:91,(anonymous_18)
FN:98,(anonymous_19)
FN:102,(anonymous_20)
FN:106,(anonymous_21)
FN:113,(anonymous_22)
FN:118,(anonymous_23)
FN:129,(anonymous_24)
FN:135,(anonymous_25)
FN:135,(anonymous_26)
FN:137,(anonymous_27)
FN:140,(anonymous_28)
FN:145,(anonymous_29)
FNF:23
FNH:9
FNDA:0,(anonymous_7)
FNDA:0,(anonymous_8)
FNDA:0,(anonymous_9)
FNDA:0,(anonymous_10)
FNDA:3,(anonymous_11)
FNDA:3,(anonymous_12)
FNDA:3,(anonymous_13)
FNDA:0,(anonymous_14)
FNDA:1,(anonymous_15)
FNDA:5,(anonymous_16)
FNDA:0,(anonymous_17)
FNDA:0,(anonymous_18)
FNDA:2,(anonymous_19)
FNDA:2,(anonymous_20)
FNDA:2,(anonymous_21)
FNDA:0,(anonymous_22)
FNDA:0,(anonymous_23)
FNDA:1,(anonymous_24)
FNDA:0,(anonymous_25)
FNDA:0,(anonymous_26)
FNDA:0,(anonymous_27)
FNDA:0,(anonymous_28)
FNDA:0,(anonymous_29)
DA:1,1
DA:3,1
DA:4,1
DA:26,1
DA:28,1
DA:29,0
DA:30,0
DA:31,0
DA:32,0
DA:36,1
DA:37,0
DA:38,0
DA:40,0
DA:41,0
DA:42,0
DA:43,0
DA:48,1
DA:51,3
DA:52,3
DA:53,3
DA:55,3
DA:62,3
DA:63,3
DA:65,3
DA:66,3
DA:67,3
DA:68,3
DA:70,0
DA:71,0
DA:76,1
DA:79,5
DA:83,0
DA:86,0
DA:87,0
DA:92,0
DA:93,0
DA:94,0
DA:99,2
DA:103,2
DA:107,2
DA:108,2
DA:109,2
DA:110,2
DA:111,2
DA:112,2
DA:113,0
DA:114,0
DA:117,2
DA:118,0
DA:119,0
DA:122,2
DA:123,1
DA:125,2
DA:130,1
DA:131,1
DA:132,1
DA:133,1
DA:135,1
DA:136,0
DA:137,0
DA:138,0
DA:139,0
DA:140,0
DA:144,1
DA:145,0
DA:149,1
LF:66
LH:38
BRDA:30,0,0,0
BRDA:36,1,0,0
BRDA:41,2,0,0
BRDA:41,2,1,0
BRDA:61,3,0,0
BRDA:86,4,0,0
BRDA:86,5,0,0
BRDA:86,5,1,0
BRDA:93,6,0,0
BRDA:93,7,0,0
BRDA:93,7,1,0
BRDA:110,8,0,2
BRDA:110,9,0,2
BRDA:110,9,1,2
BRDA:110,9,2,0
BRDA:112,10,0,0
BRDA:117,11,0,0
BRDA:122,12,0,1
BRDA:130,13,0,1
BRDA:132,14,0,1
BRDA:136,15,0,0
BRDA:136,16,0,0
BRDA:136,16,1,0
BRDA:144,17,0,0
BRF:24
BRH:6
end_of_record
