TN:
SF:src/platform/config.ts
FN:37,(anonymous_1)
FN:39,(anonymous_2)
FN:40,(anonymous_3)
FN:41,(anonymous_4)
FNF:4
FNH:4
FNDA:1,(anonymous_1)
FNDA:2,(anonymous_2)
FNDA:2,(anonymous_3)
FNDA:2,(anonymous_4)
DA:1,1
DA:2,1
DA:3,1
DA:5,1
DA:6,1
DA:7,1
DA:8,1
DA:37,1
DA:38,1
DA:39,2
DA:40,2
DA:41,2
DA:42,1
DA:45,1
LF:14
LH:14
BRDA:7,0,0,1
BRF:1
BRH:1
end_of_record
TN:
SF:src/platform/fileUtils.ts
FN:5,(anonymous_1)
FN:12,(anonymous_2)
FN:14,(anonymous_3)
FN:22,(anonymous_4)
FN:25,(anonymous_5)
FN:36,(anonymous_6)
FNF:6
FNH:1
FNDA:0,(anonymous_1)
FNDA:0,(anonymous_2)
FNDA:0,(anonymous_3)
FNDA:0,(anonymous_4)
FNDA:0,(anonymous_5)
FNDA:2,(anonymous_6)
DA:1,1
DA:2,1
DA:3,1
DA:5,1
DA:6,0
DA:12,1
DA:14,0
DA:17,0
DA:22,0
DA:23,0
DA:24,0
DA:25,0
DA:26,0
DA:27,0
DA:29,0
DA:30,0
DA:32,0
DA:36,1
DA:37,2
DA:38,1
DA:39,1
DA:40,1
LF:22
LH:10
BRDA:7,0,0,0
BRDA:7,0,1,0
BRDA:7,0,2,0
BRDA:7,0,3,0
BRDA:14,1,0,0
BRDA:15,2,0,0
BRDA:24,3,0,0
BRDA:24,3,1,0
BRDA:24,4,0,0
BRDA:24,4,1,0
BRDA:29,5,0,0
BRDA:29,6,0,0
BRDA:29,6,1,0
BRDA:37,7,0,1
BRDA:37,7,1,1
BRF:15
BRH:2
end_of_record
TN:
SF:src/platform/logger.ts
FN:8,(anonymous_1)
FN:45,(anonymous_2)
FNF:2
FNH:2
FNDA:6,(anonymous_1)
FNDA:4,(anonymous_2)
DA:1,1
DA:2,1
DA:3,1
DA:5,1
DA:7,1
DA:9,6
DA:14,1
DA:15,1
DA:17,1
DA:45,1
DA:46,4
DA:47,3
DA:48,3
DA:49,1
DA:50,1
DA:52,3
DA:54,1
LF:17
LH:17
BRDA:10,0,0,0
BRDA:10,0,1,6
BRDA:46,1,0,3
BRDA:46,1,1,1
BRDA:48,2,0,1
BRF:5
BRH:4
end_of_record
TN:
SF:src/platform/plugin.ts
FN:19,(anonymous_7)
FN:24,(anonymous_8)
FN:55,(anonymous_9)
FN:68,(anonymous_10)
FN:69,(anonymous_11)
FN:73,(anonymous_12)
FN:78,(anonymous_13)
FN:88,(anonymous_14)
FN:96,(anonymous_15)
FN:121,(anonymous_16)
FN:127,(anonymous_17)
FN:129,(anonymous_18)
FN:130,(anonymous_19)
FN:136,(anonymous_20)
FN:140,(anonymous_21)
FN:144,(anonymous_22)
FN:149,(anonymous_23)
FN:154,(anonymous_24)
FN:158,(anonymous_25)
FN:163,(anonymous_26)
FN:175,(anonymous_27)
FN:181,(anonymous_28)
FN:181,(anonymous_29)
FN:183,(anonymous_30)
FN:186,(anonymous_31)
FN:191,(anonymous_32)
FN:199,(anonymous_33)
FN:208,(anonymous_34)
FN:215,(anonymous_35)
FN:219,(anonymous_36)
FNF:30
FNH:10
FNDA:0,(anonymous_7)
FNDA:0,(anonymous_8)
FNDA:0,(anonymous_9)
FNDA:0,(anonymous_10)
FNDA:0,(anonymous_11)
FNDA:0,(anonymous_12)
FNDA:0,(anonymous_13)
FNDA:0,(anonymous_14)
FNDA:3,(anonymous_15)
FNDA:3,(anonymous_16)
FNDA:3,(anonymous_17)
FNDA:3,(anonymous_18)
FNDA:0,(anonymous_19)
FNDA:7,(anonymous_20)
FNDA:5,(anonymous_21)
FNDA:0,(anonymous_22)
FNDA:0,(anonymous_23)
FNDA:2,(anonymous_24)
FNDA:0,(anonymous_25)
FNDA:0,(anonymous_26)
FNDA:1,(anonymous_27)
FNDA:0,(anonymous_28)
FNDA:0,(anonymous_29)
FNDA:0,(anonymous_30)
FNDA:0,(anonymous_31)
FNDA:0,(anonymous_32)
FNDA:0,(anonymous_33)
FNDA:0,(anonymous_34)
FNDA:1,(anonymous_35)
FNDA:1,(anonymous_36)
DA:1,1
DA:3,1
DA:4,1
DA:7,1
DA:9,1
DA:17,0
DA:20,0
DA:21,0
DA:22,0
DA:25,0
DA:26,0
DA:28,0
DA:53,1
DA:55,1
DA:56,0
DA:57,0
DA:58,0
DA:59,0
DA:60,0
DA:61,0
DA:63,0
DA:68,1
DA:69,0
DA:70,0
DA:72,0
DA:74,0
DA:75,0
DA:76,0
DA:77,0
DA:78,0
DA:79,0
DA:81,0
DA:88,1
DA:89,0
DA:90,0
DA:92,0
DA:96,3
DA:106,1
DA:109,3
DA:110,3
DA:111,3
DA:115,3
DA:122,3
DA:123,3
DA:124,3
DA:126,3
DA:127,3
DA:128,3
DA:129,3
DA:131,0
DA:132,0
DA:137,7
DA:141,5
DA:145,0
DA:146,0
DA:150,0
DA:151,0
DA:155,2
DA:156,2
DA:157,2
DA:158,2
DA:159,0
DA:160,0
DA:163,2
DA:164,0
DA:165,0
DA:168,2
DA:169,1
DA:171,2
DA:176,1
DA:177,1
DA:178,1
DA:179,1
DA:181,1
DA:182,0
DA:183,0
DA:184,0
DA:185,0
DA:186,0
DA:190,1
DA:191,0
DA:195,1
DA:200,0
DA:201,0
DA:202,0
DA:203,0
DA:205,0
DA:209,0
DA:210,0
DA:211,0
DA:216,1
DA:220,1
LF:92
LH:41
BRDA:25,0,0,0
BRDA:25,0,1,0
BRDA:25,1,0,0
BRDA:25,1,1,0
BRDA:57,2,0,0
BRDA:59,3,0,0
BRDA:59,3,1,0
BRDA:59,4,0,0
BRDA:59,4,1,0
BRDA:68,5,0,0
BRDA:75,6,0,0
BRDA:75,6,1,0
BRDA:89,7,0,0
BRDA:89,7,1,0
BRDA:121,8,0,0
BRDA:156,9,0,2
BRDA:156,10,0,2
BRDA:156,10,1,2
BRDA:156,10,2,0
BRDA:159,11,0,0
BRDA:164,12,0,0
BRDA:168,13,0,1
BRDA:176,14,0,1
BRDA:178,15,0,1
BRDA:182,16,0,0
BRDA:182,17,0,0
BRDA:182,17,1,0
BRDA:190,18,0,0
BRDA:202,19,0,0
BRDA:202,20,0,0
BRDA:202,20,1,0
BRDA:210,21,0,0
BRDA:210,22,0,0
BRDA:210,22,1,0
BRF:34
BRH:6
end_of_record
TN:
SF:src/platform/scheduler.ts
FN:3,(anonymous_0)
FN:7,(anonymous_1)
FN:8,(anonymous_2)
FN:8,(anonymous_3)
FNF:4
FNH:0
FNDA:0,(anonymous_0)
FNDA:0,(anonymous_1)
FNDA:0,(anonymous_2)
FNDA:0,(anonymous_3)
DA:1,1
DA:3,1
DA:4,0
DA:7,1
DA:8,0
DA:9,0
DA:10,0
LF:7
LH:3
BRF:0
BRH:0
end_of_record
